<?xml version="1.0" encoding="UTF-8"?>
<!-- Generated by org.testng.reporters.JUnitReportReporter -->
<testsuite skipped="0" hostname="bellal-3LQUFINH" name="fridaytry.Fridayhomepratice" tests="1" failures="0" timestamp="2020-06-20T11:53:44 EDT" time="14.232" errors="0">
  <testcase name="openBrowser" time="14.232" classname="fridaytry.Fridayhomepratice"/>
  <system-out/>
</testsuite> <!-- fridaytry.Fridayhomepratice -->
