<?xml version="1.0" encoding="UTF-8"?>
<!-- Generated by org.testng.reporters.JUnitReportReporter -->
<testsuite skipped="0" hostname="bellal-3LQUFINH" name="fridaytry.Fridayhomepratice" tests="1" failures="0" timestamp="2020-06-19T02:01:02 EDT" time="13.062" errors="0">
  <testcase name="openBrowser" time="13.062" classname="fridaytry.Fridayhomepratice"/>
  <system-out/>
</testsuite> <!-- fridaytry.Fridayhomepratice -->
